Running: /opt/Xilinx/14.7/ISE_DS/ISE/bin/lin64/unwrapped/fuse -relaunch -intstyle "ise" -incremental -o "/home/ise/vhdl/submit/rcs2plus/tb_control_isim_beh.exe" -prj "/home/ise/vhdl/submit/rcs2plus/tb_control_beh.prj" "work.tb_control" 
ISim P.20131013 (signature 0xfbc00daa)
Number of CPUs detected in this system: 1
Turning on mult-threading, number of parallel sub-compilation jobs: 0 
Determining compilation order of HDL files
Parsing VHDL file "/home/ise/vhdl/submit/rcs2plus/control.vhd" into library work
Parsing VHDL file "/home/ise/vhdl/submit/rcs2plus/tb_control.vhd" into library work
Starting static elaboration
Completed static elaboration
Fuse Memory Usage: 98388 KB
Fuse CPU Usage: 860 ms
Compiling package standard
Compiling package std_logic_1164
Compiling package std_logic_arith
Compiling package std_logic_unsigned
Compiling package numeric_std
Compiling package env
Compiling architecture behavioral of entity control [control_default]
Compiling architecture behavior of entity tb_control
Time Resolution for simulation is 1ps.
Compiled 9 VHDL Units
Built simulation executable /home/ise/vhdl/submit/rcs2plus/tb_control_isim_beh.exe
Fuse Memory Usage: 119256 KB
Fuse CPU Usage: 1110 ms
GCC CPU Usage: 180 ms
