Release 14.7 - xst P.20131013 (lin64)
Copyright (c) 1995-2013 Xilinx, Inc.  All rights reserved.
--> 
Parameter TMPDIR set to xst/projnav.tmp


Total REAL time to Xst completion: 0.00 secs
Total CPU time to Xst completion: 0.09 secs
 
--> 
Parameter xsthdpdir set to xst


Total REAL time to Xst completion: 0.00 secs
Total CPU time to Xst completion: 0.09 secs
 
--> 
Reading design: round.prj

TABLE OF CONTENTS
  1) Synthesis Options Summary
  2) HDL Compilation
  3) Design Hierarchy Analysis
  4) HDL Analysis
  5) HDL Synthesis
     5.1) HDL Synthesis Report
  6) Advanced HDL Synthesis
     6.1) Advanced HDL Synthesis Report
  7) Low Level Synthesis
  8) Partition Report
  9) Final Report
	9.1) Device utilization summary
	9.2) Partition Resource Summary
	9.3) TIMING REPORT


=========================================================================
*                      Synthesis Options Summary                        *
=========================================================================
---- Source Parameters
Input File Name                    : "round.prj"
Input Format                       : mixed
Ignore Synthesis Constraint File   : NO

---- Target Parameters
Output File Name                   : "round"
Output Format                      : NGC
Target Device                      : xc3s500e-4-fg320

---- Source Options
Top Module Name                    : round
Automatic FSM Extraction           : YES
FSM Encoding Algorithm             : Auto
Safe Implementation                : No
FSM Style                          : LUT
RAM Extraction                     : Yes
RAM Style                          : Auto
ROM Extraction                     : Yes
Mux Style                          : Auto
Decoder Extraction                 : YES
Priority Encoder Extraction        : Yes
Shift Register Extraction          : YES
Logical Shifter Extraction         : YES
XOR Collapsing                     : YES
ROM Style                          : Auto
Mux Extraction                     : Yes
Resource Sharing                   : YES
Asynchronous To Synchronous        : NO
Multiplier Style                   : Auto
Automatic Register Balancing       : No

---- Target Options
Add IO Buffers                     : YES
Global Maximum Fanout              : 100000
Add Generic Clock Buffer(BUFG)     : 24
Register Duplication               : YES
Slice Packing                      : YES
Optimize Instantiated Primitives   : NO
Use Clock Enable                   : Yes
Use Synchronous Set                : Yes
Use Synchronous Reset              : Yes
Pack IO Registers into IOBs        : Auto
Equivalent register Removal        : YES

---- General Options
Optimization Goal                  : Speed
Optimization Effort                : 1
Keep Hierarchy                     : No
Netlist Hierarchy                  : As_Optimized
RTL Output                         : Yes
Global Optimization                : AllClockNets
Read Cores                         : YES
Write Timing Constraints           : NO
Cross Clock Analysis               : NO
Hierarchy Separator                : /
Bus Delimiter                      : <>
Case Specifier                     : Maintain
Slice Utilization Ratio            : 100
BRAM Utilization Ratio             : 100
Verilog 2001                       : YES
Auto BRAM Packing                  : NO
Slice Utilization Ratio Delta      : 5

=========================================================================


=========================================================================
*                          HDL Compilation                              *
=========================================================================
Compiling vhdl file "/home/ise/vhdl/submit/direct/xorop.vhd" in Library work.
Architecture behavioral of Entity xorop is up to date.
Compiling vhdl file "/home/ise/vhdl/submit/direct/addop.vhd" in Library work.
Architecture behavioral of Entity addop is up to date.
Compiling vhdl file "/home/ise/vhdl/submit/direct/mullop.vhd" in Library work.
Entity <mullop> compiled.
Entity <mullop> (Architecture <behavioral>) compiled.
Compiling vhdl file "/home/ise/vhdl/submit/direct/round.vhd" in Library work.
Architecture behavioral of Entity round is up to date.

=========================================================================
*                     Design Hierarchy Analysis                         *
=========================================================================
Analyzing hierarchy for entity <round> in library <work> (architecture <behavioral>).

Analyzing hierarchy for entity <xorop> in library <work> (architecture <behavioral>).

Analyzing hierarchy for entity <addop> in library <work> (architecture <behavioral>).

Analyzing hierarchy for entity <mullop> in library <work> (architecture <behavioral>).


=========================================================================
*                            HDL Analysis                               *
=========================================================================
Analyzing Entity <round> in library <work> (Architecture <behavioral>).
Entity <round> analyzed. Unit <round> generated.

Analyzing Entity <xorop> in library <work> (Architecture <behavioral>).
Entity <xorop> analyzed. Unit <xorop> generated.

Analyzing Entity <addop> in library <work> (Architecture <behavioral>).
Entity <addop> analyzed. Unit <addop> generated.

Analyzing Entity <mullop> in library <work> (Architecture <behavioral>).
Entity <mullop> analyzed. Unit <mullop> generated.


=========================================================================
*                           HDL Synthesis                               *
=========================================================================

Performing bidirectional port resolution...

Synthesizing Unit <xorop>.
    Related source file is "/home/ise/vhdl/submit/direct/xorop.vhd".
    Found 16-bit xor2 for signal <c>.
Unit <xorop> synthesized.


Synthesizing Unit <addop>.
    Related source file is "/home/ise/vhdl/submit/direct/addop.vhd".
    Found 16-bit adder for signal <sum>.
    Summary:
	inferred   1 Adder/Subtractor(s).
Unit <addop> synthesized.


Synthesizing Unit <mullop>.
    Related source file is "/home/ise/vhdl/submit/direct/mullop.vhd".
    Found 17x17-bit multiplier for signal <temp_o$mult0000> created at line 69.
    Found 17-bit subtractor for signal <temp_out$addsub0000> created at line 76.
    Found 17-bit comparator greatequal for signal <temp_out$cmp_ge0000> created at line 73.
    Found 17-bit addsub for signal <temp_out$mux0000> created at line 73.
    Summary:
	inferred   2 Adder/Subtractor(s).
	inferred   1 Multiplier(s).
	inferred   1 Comparator(s).
Unit <mullop> synthesized.


Synthesizing Unit <round>.
    Related source file is "/home/ise/vhdl/submit/direct/round.vhd".
Unit <round> synthesized.

INFO:Xst:1767 - HDL ADVISOR - Resource sharing has identified that some arithmetic operations in this design can share the same physical resources for reduced device utilization. For improved clock frequency you may try to disable resource sharing.

=========================================================================
HDL Synthesis Report

Macro Statistics
# Multipliers                                          : 4
 17x17-bit multiplier                                  : 4
# Adders/Subtractors                                   : 12
 16-bit adder                                          : 4
 17-bit addsub                                         : 4
 17-bit subtractor                                     : 4
# Comparators                                          : 4
 17-bit comparator greatequal                          : 4
# Xors                                                 : 6
 16-bit xor2                                           : 6

=========================================================================

=========================================================================
*                       Advanced HDL Synthesis                          *
=========================================================================


=========================================================================
Advanced HDL Synthesis Report

Macro Statistics
# Multipliers                                          : 4
 17x17-bit multiplier                                  : 4
# Adders/Subtractors                                   : 12
 16-bit adder                                          : 4
 17-bit addsub                                         : 4
 17-bit subtractor                                     : 4
# Comparators                                          : 4
 17-bit comparator greatequal                          : 4
# Xors                                                 : 6
 16-bit xor2                                           : 6

=========================================================================

=========================================================================
*                         Low Level Synthesis                           *
=========================================================================

Optimizing unit <round> ...

Optimizing unit <mullop> ...

Mapping all equations...
Building and optimizing final netlist ...
Found area constraint ratio of 100 (+ 5) on block round, actual ratio is 6.

Final Macro Processing ...

=========================================================================
Final Register Report

Found no macro
=========================================================================

=========================================================================
*                           Partition Report                            *
=========================================================================

Partition Implementation Status
-------------------------------

  No Partitions were found in this design.

-------------------------------

=========================================================================
*                            Final Report                               *
=========================================================================
Final Results
RTL Top Level Output File Name     : round.ngr
Top Level Output File Name         : round
Output Format                      : NGC
Optimization Goal                  : Speed
Keep Hierarchy                     : No

Design Statistics
# IOs                              : 224

Cell Usage :
# BELS                             : 885
#      GND                         : 1
#      INV                         : 4
#      LUT2                        : 256
#      LUT3                        : 77
#      LUT4                        : 105
#      MUXCY                       : 248
#      MUXF5                       : 1
#      VCC                         : 1
#      XORCY                       : 192
# IO Buffers                       : 224
#      IBUF                        : 160
#      OBUF                        : 64
# MULTs                            : 4
#      MULT18X18SIO                : 4
=========================================================================

Device utilization summary:
---------------------------

Selected Device : 3s500efg320-4 

 Number of Slices:                      237  out of   4656     5%  
 Number of 4 input LUTs:                442  out of   9312     4%  
 Number of IOs:                         224
 Number of bonded IOBs:                 224  out of    232    96%  
 Number of MULT18X18SIOs:                 4  out of     20    20%  

---------------------------
Partition Resource Summary:
---------------------------

  No Partitions were found in this design.

---------------------------


=========================================================================
TIMING REPORT

NOTE: THESE TIMING NUMBERS ARE ONLY A SYNTHESIS ESTIMATE.
      FOR ACCURATE TIMING INFORMATION PLEASE REFER TO THE TRACE REPORT
      GENERATED AFTER PLACE-and-ROUTE.

Clock Information:
------------------
No clock signals found in this design

Asynchronous Control Signals Information:
----------------------------------------
No asynchronous control signals found in this design

Timing Summary:
---------------
Speed Grade: -4

   Minimum period: No path found
   Minimum input arrival time before clock: No path found
   Maximum output required time after clock: No path found
   Maximum combinational path delay: 59.652ns

Timing Detail:
--------------
All values displayed in nanoseconds (ns)

=========================================================================
Timing constraint: Default path analysis
  Total number of paths / destination ports: 19348179877652632 / 64
-------------------------------------------------------------------------
Delay:               59.652ns (Levels of Logic = 110)
  Source:            x1<0> (PAD)
  Destination:       y3<15> (PAD)

  Data Path: x1<0> to y3<15>
                                Gate     Net
    Cell:in->out      fanout   Delay   Delay  Logical Name (Net Name)
    ----------------------------------------  ------------
     IBUF:I->O             2   1.218   0.622  x1_0_IBUF (x1_0_IBUF)
     LUT4:I0->O            1   0.704   0.595  mull_1/temp_a_cmp_eq000012 (mull_1/temp_a_cmp_eq000012)
     LUT4:I0->O            1   0.704   0.420  mull_1/temp_a_cmp_eq000076 (mull_1/temp_a_cmp_eq0000)
     MULT18X18SIO:A16->P16    3   4.860   0.610  mull_1/Mmult_temp_o_mult0000 (mull_1/temp_o_mult0000<16>)
     LUT2:I1->O            1   0.704   0.000  mull_1/Mcompar_temp_out_cmp_ge0000_lut<0> (mull_1/Mcompar_temp_out_cmp_ge0000_lut<0>)
     MUXCY:S->O            1   0.464   0.000  mull_1/Mcompar_temp_out_cmp_ge0000_cy<0> (mull_1/Mcompar_temp_out_cmp_ge0000_cy<0>)
     MUXCY:CI->O           1   0.059   0.000  mull_1/Mcompar_temp_out_cmp_ge0000_cy<1> (mull_1/Mcompar_temp_out_cmp_ge0000_cy<1>)
     MUXCY:CI->O           1   0.059   0.000  mull_1/Mcompar_temp_out_cmp_ge0000_cy<2> (mull_1/Mcompar_temp_out_cmp_ge0000_cy<2>)
     MUXCY:CI->O           1   0.059   0.000  mull_1/Mcompar_temp_out_cmp_ge0000_cy<3> (mull_1/Mcompar_temp_out_cmp_ge0000_cy<3>)
     MUXCY:CI->O           1   0.059   0.000  mull_1/Mcompar_temp_out_cmp_ge0000_cy<4> (mull_1/Mcompar_temp_out_cmp_ge0000_cy<4>)
     MUXCY:CI->O           1   0.059   0.000  mull_1/Mcompar_temp_out_cmp_ge0000_cy<5> (mull_1/Mcompar_temp_out_cmp_ge0000_cy<5>)
     MUXCY:CI->O           1   0.059   0.000  mull_1/Mcompar_temp_out_cmp_ge0000_cy<6> (mull_1/Mcompar_temp_out_cmp_ge0000_cy<6>)
     MUXCY:CI->O           1   0.059   0.000  mull_1/Mcompar_temp_out_cmp_ge0000_cy<7> (mull_1/Mcompar_temp_out_cmp_ge0000_cy<7>)
     MUXCY:CI->O           1   0.059   0.000  mull_1/Mcompar_temp_out_cmp_ge0000_cy<8> (mull_1/Mcompar_temp_out_cmp_ge0000_cy<8>)
     MUXCY:CI->O           1   0.059   0.000  mull_1/Mcompar_temp_out_cmp_ge0000_cy<9> (mull_1/Mcompar_temp_out_cmp_ge0000_cy<9>)
     MUXCY:CI->O           1   0.059   0.000  mull_1/Mcompar_temp_out_cmp_ge0000_cy<10> (mull_1/Mcompar_temp_out_cmp_ge0000_cy<10>)
     MUXCY:CI->O           1   0.059   0.000  mull_1/Mcompar_temp_out_cmp_ge0000_cy<11> (mull_1/Mcompar_temp_out_cmp_ge0000_cy<11>)
     MUXCY:CI->O           1   0.059   0.000  mull_1/Mcompar_temp_out_cmp_ge0000_cy<12> (mull_1/Mcompar_temp_out_cmp_ge0000_cy<12>)
     MUXCY:CI->O           1   0.059   0.000  mull_1/Mcompar_temp_out_cmp_ge0000_cy<13> (mull_1/Mcompar_temp_out_cmp_ge0000_cy<13>)
     MUXCY:CI->O           1   0.059   0.000  mull_1/Mcompar_temp_out_cmp_ge0000_cy<14> (mull_1/Mcompar_temp_out_cmp_ge0000_cy<14>)
     MUXCY:CI->O           1   0.059   0.000  mull_1/Mcompar_temp_out_cmp_ge0000_cy<15> (mull_1/Mcompar_temp_out_cmp_ge0000_cy<15>)
     MUXCY:CI->O          32   0.059   1.437  mull_1/Mcompar_temp_out_cmp_ge0000_cy<16> (mull_1/temp_out_cmp_ge0000)
     LUT3:I0->O            0   0.704   0.000  mull_1/temp_out_mux0001<0>1 (mull_1/temp_out_mux0001<0>)
     MUXCY:DI->O           1   0.888   0.000  mull_1/Maddsub_temp_out_mux0000_cy<0> (mull_1/Maddsub_temp_out_mux0000_cy<0>)
     MUXCY:CI->O           1   0.059   0.000  mull_1/Maddsub_temp_out_mux0000_cy<1> (mull_1/Maddsub_temp_out_mux0000_cy<1>)
     MUXCY:CI->O           1   0.059   0.000  mull_1/Maddsub_temp_out_mux0000_cy<2> (mull_1/Maddsub_temp_out_mux0000_cy<2>)
     MUXCY:CI->O           1   0.059   0.000  mull_1/Maddsub_temp_out_mux0000_cy<3> (mull_1/Maddsub_temp_out_mux0000_cy<3>)
     MUXCY:CI->O           1   0.059   0.000  mull_1/Maddsub_temp_out_mux0000_cy<4> (mull_1/Maddsub_temp_out_mux0000_cy<4>)
     MUXCY:CI->O           1   0.059   0.000  mull_1/Maddsub_temp_out_mux0000_cy<5> (mull_1/Maddsub_temp_out_mux0000_cy<5>)
     MUXCY:CI->O           1   0.059   0.000  mull_1/Maddsub_temp_out_mux0000_cy<6> (mull_1/Maddsub_temp_out_mux0000_cy<6>)
     MUXCY:CI->O           1   0.059   0.000  mull_1/Maddsub_temp_out_mux0000_cy<7> (mull_1/Maddsub_temp_out_mux0000_cy<7>)
     MUXCY:CI->O           1   0.059   0.000  mull_1/Maddsub_temp_out_mux0000_cy<8> (mull_1/Maddsub_temp_out_mux0000_cy<8>)
     MUXCY:CI->O           1   0.059   0.000  mull_1/Maddsub_temp_out_mux0000_cy<9> (mull_1/Maddsub_temp_out_mux0000_cy<9>)
     MUXCY:CI->O           1   0.059   0.000  mull_1/Maddsub_temp_out_mux0000_cy<10> (mull_1/Maddsub_temp_out_mux0000_cy<10>)
     MUXCY:CI->O           1   0.059   0.000  mull_1/Maddsub_temp_out_mux0000_cy<11> (mull_1/Maddsub_temp_out_mux0000_cy<11>)
     MUXCY:CI->O           1   0.059   0.000  mull_1/Maddsub_temp_out_mux0000_cy<12> (mull_1/Maddsub_temp_out_mux0000_cy<12>)
     MUXCY:CI->O           1   0.059   0.000  mull_1/Maddsub_temp_out_mux0000_cy<13> (mull_1/Maddsub_temp_out_mux0000_cy<13>)
     XORCY:CI->O           2   0.804   0.526  mull_1/Maddsub_temp_out_mux0000_xor<14> (mull_1_sig<14>)
     LUT2:I1->O            2   0.704   0.622  xor_1/Mxor_c_Result<14>1 (xor_1_sig<14>)
     LUT4:I0->O            1   0.704   0.499  mull_3/temp_b_cmp_eq000086_SW0 (N2)
     LUT4:I1->O            1   0.704   0.420  mull_3/temp_b_cmp_eq000086 (mull_3/temp_b_cmp_eq0000)
     MULT18X18SIO:B16->P16    3   4.860   0.610  mull_3/Mmult_temp_o_mult0000 (mull_3/temp_o_mult0000<16>)
     LUT2:I1->O            1   0.704   0.000  mull_3/Mcompar_temp_out_cmp_ge0000_lut<0> (mull_3/Mcompar_temp_out_cmp_ge0000_lut<0>)
     MUXCY:S->O            1   0.464   0.000  mull_3/Mcompar_temp_out_cmp_ge0000_cy<0> (mull_3/Mcompar_temp_out_cmp_ge0000_cy<0>)
     MUXCY:CI->O           1   0.059   0.000  mull_3/Mcompar_temp_out_cmp_ge0000_cy<1> (mull_3/Mcompar_temp_out_cmp_ge0000_cy<1>)
     MUXCY:CI->O           1   0.059   0.000  mull_3/Mcompar_temp_out_cmp_ge0000_cy<2> (mull_3/Mcompar_temp_out_cmp_ge0000_cy<2>)
     MUXCY:CI->O           1   0.059   0.000  mull_3/Mcompar_temp_out_cmp_ge0000_cy<3> (mull_3/Mcompar_temp_out_cmp_ge0000_cy<3>)
     MUXCY:CI->O           1   0.059   0.000  mull_3/Mcompar_temp_out_cmp_ge0000_cy<4> (mull_3/Mcompar_temp_out_cmp_ge0000_cy<4>)
     MUXCY:CI->O           1   0.059   0.000  mull_3/Mcompar_temp_out_cmp_ge0000_cy<5> (mull_3/Mcompar_temp_out_cmp_ge0000_cy<5>)
     MUXCY:CI->O           1   0.059   0.000  mull_3/Mcompar_temp_out_cmp_ge0000_cy<6> (mull_3/Mcompar_temp_out_cmp_ge0000_cy<6>)
     MUXCY:CI->O           1   0.059   0.000  mull_3/Mcompar_temp_out_cmp_ge0000_cy<7> (mull_3/Mcompar_temp_out_cmp_ge0000_cy<7>)
     MUXCY:CI->O           1   0.059   0.000  mull_3/Mcompar_temp_out_cmp_ge0000_cy<8> (mull_3/Mcompar_temp_out_cmp_ge0000_cy<8>)
     MUXCY:CI->O           1   0.059   0.000  mull_3/Mcompar_temp_out_cmp_ge0000_cy<9> (mull_3/Mcompar_temp_out_cmp_ge0000_cy<9>)
     MUXCY:CI->O           1   0.059   0.000  mull_3/Mcompar_temp_out_cmp_ge0000_cy<10> (mull_3/Mcompar_temp_out_cmp_ge0000_cy<10>)
     MUXCY:CI->O           1   0.059   0.000  mull_3/Mcompar_temp_out_cmp_ge0000_cy<11> (mull_3/Mcompar_temp_out_cmp_ge0000_cy<11>)
     MUXCY:CI->O           1   0.059   0.000  mull_3/Mcompar_temp_out_cmp_ge0000_cy<12> (mull_3/Mcompar_temp_out_cmp_ge0000_cy<12>)
     MUXCY:CI->O           1   0.059   0.000  mull_3/Mcompar_temp_out_cmp_ge0000_cy<13> (mull_3/Mcompar_temp_out_cmp_ge0000_cy<13>)
     MUXCY:CI->O           1   0.059   0.000  mull_3/Mcompar_temp_out_cmp_ge0000_cy<14> (mull_3/Mcompar_temp_out_cmp_ge0000_cy<14>)
     MUXCY:CI->O           1   0.059   0.000  mull_3/Mcompar_temp_out_cmp_ge0000_cy<15> (mull_3/Mcompar_temp_out_cmp_ge0000_cy<15>)
     MUXCY:CI->O          32   0.059   1.437  mull_3/Mcompar_temp_out_cmp_ge0000_cy<16> (mull_3/temp_out_cmp_ge0000)
     LUT3:I0->O            0   0.704   0.000  mull_3/temp_out_mux0001<0>1 (mull_3/temp_out_mux0001<0>)
     MUXCY:DI->O           1   0.888   0.000  mull_3/Maddsub_temp_out_mux0000_cy<0> (mull_3/Maddsub_temp_out_mux0000_cy<0>)
     XORCY:CI->O           2   0.804   0.622  mull_3/Maddsub_temp_out_mux0000_xor<1> (mull_3_sig<1>)
     LUT3:I0->O            1   0.704   0.000  add_3/Madd_sum_lut<1> (add_3/Madd_sum_lut<1>)
     MUXCY:S->O            1   0.464   0.000  add_3/Madd_sum_cy<1> (add_3/Madd_sum_cy<1>)
     XORCY:CI->O           2   0.804   0.482  add_3/Madd_sum_xor<2> (add_3_sig<2>)
     LUT3:I2->O            1   0.704   0.595  mull_4/temp_a_cmp_eq00008 (mull_4/temp_a_cmp_eq00008)
     LUT4:I0->O            1   0.704   0.499  mull_4/temp_a_cmp_eq000024 (mull_4/temp_a_cmp_eq000024)
     LUT4:I1->O            1   0.704   0.424  mull_4/temp_a_cmp_eq000088_SW0 (N01)
     LUT4:I3->O            1   0.704   0.420  mull_4/temp_a_cmp_eq000088 (mull_4/temp_a_cmp_eq0000)
     MULT18X18SIO:A16->P16    3   4.860   0.610  mull_4/Mmult_temp_o_mult0000 (mull_4/temp_o_mult0000<16>)
     LUT2:I1->O            1   0.704   0.000  mull_4/Mcompar_temp_out_cmp_ge0000_lut<0> (mull_4/Mcompar_temp_out_cmp_ge0000_lut<0>)
     MUXCY:S->O            1   0.464   0.000  mull_4/Mcompar_temp_out_cmp_ge0000_cy<0> (mull_4/Mcompar_temp_out_cmp_ge0000_cy<0>)
     MUXCY:CI->O           1   0.059   0.000  mull_4/Mcompar_temp_out_cmp_ge0000_cy<1> (mull_4/Mcompar_temp_out_cmp_ge0000_cy<1>)
     MUXCY:CI->O           1   0.059   0.000  mull_4/Mcompar_temp_out_cmp_ge0000_cy<2> (mull_4/Mcompar_temp_out_cmp_ge0000_cy<2>)
     MUXCY:CI->O           1   0.059   0.000  mull_4/Mcompar_temp_out_cmp_ge0000_cy<3> (mull_4/Mcompar_temp_out_cmp_ge0000_cy<3>)
     MUXCY:CI->O           1   0.059   0.000  mull_4/Mcompar_temp_out_cmp_ge0000_cy<4> (mull_4/Mcompar_temp_out_cmp_ge0000_cy<4>)
     MUXCY:CI->O           1   0.059   0.000  mull_4/Mcompar_temp_out_cmp_ge0000_cy<5> (mull_4/Mcompar_temp_out_cmp_ge0000_cy<5>)
     MUXCY:CI->O           1   0.059   0.000  mull_4/Mcompar_temp_out_cmp_ge0000_cy<6> (mull_4/Mcompar_temp_out_cmp_ge0000_cy<6>)
     MUXCY:CI->O           1   0.059   0.000  mull_4/Mcompar_temp_out_cmp_ge0000_cy<7> (mull_4/Mcompar_temp_out_cmp_ge0000_cy<7>)
     MUXCY:CI->O           1   0.059   0.000  mull_4/Mcompar_temp_out_cmp_ge0000_cy<8> (mull_4/Mcompar_temp_out_cmp_ge0000_cy<8>)
     MUXCY:CI->O           1   0.059   0.000  mull_4/Mcompar_temp_out_cmp_ge0000_cy<9> (mull_4/Mcompar_temp_out_cmp_ge0000_cy<9>)
     MUXCY:CI->O           1   0.059   0.000  mull_4/Mcompar_temp_out_cmp_ge0000_cy<10> (mull_4/Mcompar_temp_out_cmp_ge0000_cy<10>)
     MUXCY:CI->O           1   0.059   0.000  mull_4/Mcompar_temp_out_cmp_ge0000_cy<11> (mull_4/Mcompar_temp_out_cmp_ge0000_cy<11>)
     MUXCY:CI->O           1   0.059   0.000  mull_4/Mcompar_temp_out_cmp_ge0000_cy<12> (mull_4/Mcompar_temp_out_cmp_ge0000_cy<12>)
     MUXCY:CI->O           1   0.059   0.000  mull_4/Mcompar_temp_out_cmp_ge0000_cy<13> (mull_4/Mcompar_temp_out_cmp_ge0000_cy<13>)
     MUXCY:CI->O           1   0.059   0.000  mull_4/Mcompar_temp_out_cmp_ge0000_cy<14> (mull_4/Mcompar_temp_out_cmp_ge0000_cy<14>)
     MUXCY:CI->O           1   0.059   0.000  mull_4/Mcompar_temp_out_cmp_ge0000_cy<15> (mull_4/Mcompar_temp_out_cmp_ge0000_cy<15>)
     MUXCY:CI->O          32   0.059   1.437  mull_4/Mcompar_temp_out_cmp_ge0000_cy<16> (mull_4/temp_out_cmp_ge0000)
     LUT3:I0->O            0   0.704   0.000  mull_4/temp_out_mux0001<0>1 (mull_4/temp_out_mux0001<0>)
     MUXCY:DI->O           1   0.888   0.000  mull_4/Maddsub_temp_out_mux0000_cy<0> (mull_4/Maddsub_temp_out_mux0000_cy<0>)
     MUXCY:CI->O           1   0.059   0.000  mull_4/Maddsub_temp_out_mux0000_cy<1> (mull_4/Maddsub_temp_out_mux0000_cy<1>)
     MUXCY:CI->O           1   0.059   0.000  mull_4/Maddsub_temp_out_mux0000_cy<2> (mull_4/Maddsub_temp_out_mux0000_cy<2>)
     MUXCY:CI->O           1   0.059   0.000  mull_4/Maddsub_temp_out_mux0000_cy<3> (mull_4/Maddsub_temp_out_mux0000_cy<3>)
     MUXCY:CI->O           1   0.059   0.000  mull_4/Maddsub_temp_out_mux0000_cy<4> (mull_4/Maddsub_temp_out_mux0000_cy<4>)
     MUXCY:CI->O           1   0.059   0.000  mull_4/Maddsub_temp_out_mux0000_cy<5> (mull_4/Maddsub_temp_out_mux0000_cy<5>)
     MUXCY:CI->O           1   0.059   0.000  mull_4/Maddsub_temp_out_mux0000_cy<6> (mull_4/Maddsub_temp_out_mux0000_cy<6>)
     MUXCY:CI->O           1   0.059   0.000  mull_4/Maddsub_temp_out_mux0000_cy<7> (mull_4/Maddsub_temp_out_mux0000_cy<7>)
     MUXCY:CI->O           1   0.059   0.000  mull_4/Maddsub_temp_out_mux0000_cy<8> (mull_4/Maddsub_temp_out_mux0000_cy<8>)
     MUXCY:CI->O           1   0.059   0.000  mull_4/Maddsub_temp_out_mux0000_cy<9> (mull_4/Maddsub_temp_out_mux0000_cy<9>)
     MUXCY:CI->O           1   0.059   0.000  mull_4/Maddsub_temp_out_mux0000_cy<10> (mull_4/Maddsub_temp_out_mux0000_cy<10>)
     MUXCY:CI->O           1   0.059   0.000  mull_4/Maddsub_temp_out_mux0000_cy<11> (mull_4/Maddsub_temp_out_mux0000_cy<11>)
     MUXCY:CI->O           1   0.059   0.000  mull_4/Maddsub_temp_out_mux0000_cy<12> (mull_4/Maddsub_temp_out_mux0000_cy<12>)
     MUXCY:CI->O           1   0.059   0.000  mull_4/Maddsub_temp_out_mux0000_cy<13> (mull_4/Maddsub_temp_out_mux0000_cy<13>)
     XORCY:CI->O           3   0.804   0.610  mull_4/Maddsub_temp_out_mux0000_xor<14> (mull_4_sig<14>)
     LUT2:I1->O            1   0.704   0.000  add_4/Madd_sum_lut<14> (add_4/Madd_sum_lut<14>)
     MUXCY:S->O            0   0.464   0.000  add_4/Madd_sum_cy<14> (add_4/Madd_sum_cy<14>)
     XORCY:CI->O           2   0.804   0.622  add_4/Madd_sum_xor<15> (add_4_sig<15>)
     LUT2:I0->O            1   0.704   0.420  xor_5/Mxor_c_Result<15>1 (y3_15_OBUF)
     OBUF:I->O                 3.272          y3_15_OBUF (y3<15>)
    ----------------------------------------
    Total                     59.652ns (45.112ns logic, 14.540ns route)
                                       (75.6% logic, 24.4% route)

=========================================================================


Total REAL time to Xst completion: 11.00 secs
Total CPU time to Xst completion: 10.46 secs
 
--> 


Total memory usage is 524912 kilobytes

Number of errors   :    0 (   0 filtered)
Number of warnings :    0 (   0 filtered)
Number of infos    :    1 (   0 filtered)

